= Logs of language model for Vietnamese (vi) =

- Generated by BuildLangModel.py
- Started: 2019-10-30 13:23:08.338832
- Maximum depth: 2

== Parsed pages ==

Chữ_Quốc_ngữ (revision 55945716)
1651 (revision 26251708)
1773 (revision 26251838)
1815 (revision 26251881)
1838 (revision 26251906)
1865 (revision 44049532)
1867 (revision 53065575)
1869 (revision 41220794)
1888 (revision 53191676)
1902 (revision 26269038)
1918 (revision 55993228)
1919 (revision 43077247)
1938 (revision 41653989)
1945 (revision 54650467)
22 tháng 2 (revision 43874746)
26 tháng 11 (revision 35155312)
28 tháng 12 (revision 52327282)
A (revision 55303380)
ASCII (revision 50194682)
Alexandre de Rhodes (revision 55474580)
Antonio Barbosa (revision 28290803)
B (revision 48832458)
BBC (revision 54445257)
Biên khảo (revision 45371342)
Bàn phím máy tính (revision 55351345)
Bán nguyên âm (revision 43650332)
Bình luận (revision 44254653)
Bảng chữ cái Bồ Đào Nha (revision 55945716)
Bảng chữ cái Hy Lạp (revision 50195419)
Bảng chữ cái Latinh (revision 50195419)
Bảng chữ cái Phoenicia (revision 50195419)
Bảng mẫu tự ngữ âm quốc tế (revision 55882433)
Bắc Kỳ (revision 55695894)
Bộ Giáo dục và Đào tạo (Việt Nam) (revision 55847075)
C (revision 48832482)
Cao Xuân Dục (revision 54998332)
Chính tả (revision 55923830)
Chính tả tiếng Việt (revision 55923830)
Chủ tịch Hồ Chí Minh (revision 56004698)
Chữ Hán (revision 55849113)
Chữ Nôm (revision 55911444)
Chữ cái (revision 50195419)
Chữ tượng hình Ai Cập (revision 52366981)
Chữ viết tiếng Việt (revision 55945397)
Các dân tộc Việt Nam (revision 55716537)
Công giáo tại Việt Nam (revision 55974171)
Cư Jút (revision 55998021)
Cư Kuin (revision 55997865)
Cư Ê Wi (revision 42225411)
Cải cách giáo dục của Cộng hòa Xã hội chủ nghĩa Việt Nam (revision 52452066)
Cộng đồng (revision 45406355)
D (revision 55587988)
De facto (revision 52059131)
Di chúc Hồ Chí Minh (revision 55371151)
Du ký (revision 55832645)
Dòng Tên (revision 55121092)
Dấu huyền (revision 14592820)
Dấu hỏi (revision 55541745)
Dấu ngã (revision 43648458)
Dấu nặng (revision 54970480)
Dấu sắc (revision 14592820)
Dấu âm ngắn (revision 50048973)
E (revision 51967810)
Ea H'leo (revision 55997822)
Ea Wy (revision 55997822)
Francesco Buzomi (revision 46558587)
Francisco de Pina (revision 45495848)
G (revision 55844428)
Gaspar do Amaral (revision 28293331)
Gia Định báo (revision 54825793)
Giovanni Filippo de Marini (revision 55544708)
Giám mục (revision 45059965)
Giáo dục (revision 53192672)
H (revision 55511072)
Hiến pháp nước Cộng hòa Xã hội chủ nghĩa Việt Nam 2013 (revision 52452066)
Hán học (revision 52328249)
Hệ chữ viết (revision 44573656)
Hệ chữ viết Latinh (revision 55980983)
Hội Truyền bá Quốc ngữ (revision 40680177)
Hội Trí Tri (revision 40992205)
I (revision 55105217)
IPA (revision 55882433)
ISBN (revision 54496496)
Jean-Louis Taberd (revision 29418904)
Jơ Ngây (revision 52884600)
K (revision 55587792)
Khoa cử (revision 53486358)
Khái Hưng (revision 55469223)
Khải Định (revision 54922502)
Ký tự Latinh (revision 55980983)
Ký tự thay thế (revision 55523655)
L (revision 55720897)
Latinh (revision 55412722)
Liên bang Đông Dương (revision 55947794)
Lăng Chủ tịch Hồ Chí Minh (revision 55413242)
M (revision 49708059)
Mậu Ngọ (revision 44954343)
N (revision 55320352)
Nam Giang, Quảng Nam (revision 55537468)
Nam Kỳ (revision 55981448)
Nam Phong tạp chí (revision 54497627)
Nam Việt Dương Hiệp Tự vị (revision 49242651)
Nguyên âm (revision 43650332)
Nguyên âm ba (revision 56062006)
Nguyên âm ngắn (revision 54253490)
Nguyên âm đôi (revision 50240888)
Nguyên âm đọc mạnh (revision 50223695)
Ngôn ngữ thanh điệu (revision 41116775)
Người Việt (revision 56064392)
Nho giáo (revision 52718691)
Nhà Hồ (revision 54922152)
Nhà Tây Sơn (revision 55618146)
Nhà ngôn ngữ học (revision 42338598)
Nhóm ngôn ngữ Rôman (revision 53377091)
O (revision 55781159)
P (revision 44492775)
Phiên âm Hán-Việt (revision 55477988)
Phong trào Duy Tân (revision 26517668)
Pháp thuộc (revision 55724756)
Phép giảng tám ngày (revision 54451177)
Phóng sự (revision 54489206)
Phương ngữ Nam Bộ (tiếng Việt) (revision 55179535)
Phần mềm (revision 55532601)
Phụ lục (revision 40782238)
Phụ âm (revision 53457509)
Phụ âm bật hơi (revision 55945716)
Pigneau de Behaine (revision 55947788)
Q (revision 55588076)
Quy tắc đặt dấu thanh trong chữ quốc ngữ (revision 54970480)
R (revision 48832929)
S (revision 52057304)
Sưu dịch (revision 44926999)
T (revision 55566571)
TCVN3 (revision 55555560)
Telex (cách gõ) (revision 55555483)
Thi Hương (revision 55283060)
Thuế thân (revision 55340481)
Thái Bình (revision 55993651)
Thơ mới (revision 55221773)
Thượng thư (revision 45318274)
Thế kỷ XIX (revision 55629101)
Thế kỷ XX (revision 54501722)
Thể chữ tròn Anh quốc (revision 55945716)
Thống đốc Nam Kỳ (revision 52117719)
Tiếng Anh (revision 56067934)